2023-12-06 09:59:32 info: Server is Successfully Running, & listening on port 3000
2023-12-06 10:00:02 error: MongooseServerSelectionError: connect ECONNREFUSED 127.0.0.1:2701
    at _handleConnectionErrors (C:\Users\010280\Desktop\Web Projects\ims-backend\node_modules\mongoose\lib\connection.js:809:11)
    at NativeConnection.openUri (C:\Users\010280\Desktop\Web Projects\ims-backend\node_modules\mongoose\lib\connection.js:784:11)
2023-12-06 10:00:42 info: Server is Successfully Running, & listening on port 3000
2023-12-06 10:00:51 info: Server is Successfully Running, & listening on port 3000
2023-12-06 10:01:58 info: Server is Successfully Running, & listening on port 3000
2023-12-06 10:02:09 info: Server is Successfully Running, & listening on port 3000
2023-12-06 10:02:09 info: Connected to MongoDB
2023-12-06 10:02:21 error: ValidationError: Investigation validation failed: subjectOfficer: Path `subjectOfficer` is required.
    at Document.invalidate (C:\Users\010280\Desktop\Web Projects\ims-backend\node_modules\mongoose\lib\document.js:3187:32)
    at C:\Users\010280\Desktop\Web Projects\ims-backend\node_modules\mongoose\lib\document.js:2980:17
    at C:\Users\010280\Desktop\Web Projects\ims-backend\node_modules\mongoose\lib\schemaType.js:1368:9
    at process.processTicksAndRejections (node:internal/process/task_queues:77:11)
2023-12-06 10:02:51 info: Server is Successfully Running, & listening on port 3000
2023-12-06 10:02:51 info: Connected to MongoDB
2023-12-06 10:13:08 info: Server is Successfully Running, & listening on port 3000
2023-12-06 10:13:08 info: Connected to MongoDB
2023-12-06 10:21:42 info: Server is Successfully Running, & listening on port 3000
2023-12-06 10:21:42 info: Connected to MongoDB
2023-12-06 10:22:19 info: Server is Successfully Running, & listening on port 3000
2023-12-06 10:22:19 info: Connected to MongoDB
2023-12-06 10:23:10 info: Server is Successfully Running, & listening on port 3000
2023-12-06 10:23:10 info: Connected to MongoDB
2023-12-06 10:23:32 info: Server is Successfully Running, & listening on port 3000
2023-12-06 10:23:32 info: Connected to MongoDB
2023-12-06 10:26:24 info: Server is Successfully Running, & listening on port 3000
2023-12-06 10:26:24 info: Connected to MongoDB
2023-12-06 10:27:25 info: Server is Successfully Running, & listening on port 3000
2023-12-06 10:27:25 info: Connected to MongoDB
2023-12-06 10:28:01 info: Server is Successfully Running, & listening on port 3000
2023-12-06 10:28:01 info: Connected to MongoDB
2023-12-06 10:28:04 info: Server is Successfully Running, & listening on port 3000
2023-12-06 10:28:04 info: Connected to MongoDB
2023-12-06 10:28:14 info: Server is Successfully Running, & listening on port 3000
2023-12-06 10:28:14 info: Connected to MongoDB
2023-12-06 10:28:19 info: Server is Successfully Running, & listening on port 3000
2023-12-06 10:28:19 info: Connected to MongoDB
2023-12-06 10:30:22 error: TypeError: Cannot read properties of null (reading 'serial')
    at getMaxSerial (C:\Users\010280\Desktop\Web Projects\ims-backend\controllers\investigations.controller.js:157:30)
    at process.processTicksAndRejections (node:internal/process/task_queues:95:5)
2023-12-06 10:48:25 info: Server is Successfully Running, & listening on port 3000
2023-12-06 10:48:25 info: Connected to MongoDB
2023-12-06 10:49:41 info: Server is Successfully Running, & listening on port 3000
2023-12-06 10:49:41 info: Connected to MongoDB
2023-12-06 11:25:38 error: TypeError: Cannot read properties of null (reading 'serial')
    at getSerial (C:\Users\010280\Desktop\Web Projects\ims-backend\controllers\investigations.controller.js:157:30)
    at process.processTicksAndRejections (node:internal/process/task_queues:95:5)
2023-12-06 11:25:44 error: TypeError: Cannot read properties of null (reading 'serial')
    at getSerial (C:\Users\010280\Desktop\Web Projects\ims-backend\controllers\investigations.controller.js:157:30)
    at process.processTicksAndRejections (node:internal/process/task_queues:95:5)
2023-12-06 11:25:54 error: TypeError: Cannot read properties of null (reading 'serial')
    at getSerial (C:\Users\010280\Desktop\Web Projects\ims-backend\controllers\investigations.controller.js:157:30)
    at process.processTicksAndRejections (node:internal/process/task_queues:95:5)
2023-12-06 11:27:54 error: TypeError: Cannot read properties of null (reading 'serial')
    at getSerial (C:\Users\010280\Desktop\Web Projects\ims-backend\controllers\investigations.controller.js:157:30)
    at process.processTicksAndRejections (node:internal/process/task_queues:95:5)
2023-12-06 11:27:56 error: TypeError: Cannot read properties of null (reading 'serial')
    at getSerial (C:\Users\010280\Desktop\Web Projects\ims-backend\controllers\investigations.controller.js:157:30)
    at process.processTicksAndRejections (node:internal/process/task_queues:95:5)
2023-12-06 11:50:12 error: TypeError: Cannot read properties of null (reading 'serial')
    at getSerial (C:\Users\010280\Desktop\Web Projects\ims-backend\controllers\investigations.controller.js:157:30)
    at process.processTicksAndRejections (node:internal/process/task_queues:95:5)
2023-12-06 11:50:55 error: TypeError: Cannot read properties of null (reading 'serial')
    at getSerial (C:\Users\010280\Desktop\Web Projects\ims-backend\controllers\investigations.controller.js:157:30)
    at process.processTicksAndRejections (node:internal/process/task_queues:95:5)
2023-12-06 11:51:24 error: TypeError: Cannot read properties of null (reading 'serial')
    at getSerial (C:\Users\010280\Desktop\Web Projects\ims-backend\controllers\investigations.controller.js:157:30)
    at process.processTicksAndRejections (node:internal/process/task_queues:95:5)
2023-12-06 11:52:32 error: TypeError: Cannot read properties of null (reading 'serial')
    at getSerial (C:\Users\010280\Desktop\Web Projects\ims-backend\controllers\investigations.controller.js:157:30)
    at process.processTicksAndRejections (node:internal/process/task_queues:95:5)
2023-12-06 11:53:43 error: TypeError: Cannot read properties of null (reading 'serial')
    at getSerial (C:\Users\010280\Desktop\Web Projects\ims-backend\controllers\investigations.controller.js:157:30)
    at process.processTicksAndRejections (node:internal/process/task_queues:95:5)
2023-12-06 11:54:12 error: TypeError: Cannot read properties of null (reading 'serial')
    at getSerial (C:\Users\010280\Desktop\Web Projects\ims-backend\controllers\investigations.controller.js:157:30)
    at process.processTicksAndRejections (node:internal/process/task_queues:95:5)
2023-12-06 11:59:54 info: Server is Successfully Running, & listening on port 3000
2023-12-06 11:59:55 info: Connected to MongoDB
2023-12-06 12:01:02 info: Server is Successfully Running, & listening on port 3000
2023-12-06 12:01:02 info: Connected to MongoDB
2023-12-06 12:01:20 info: Server is Successfully Running, & listening on port 3000
2023-12-06 12:01:20 info: Connected to MongoDB
2023-12-06 12:01:30 info: Server is Successfully Running, & listening on port 3000
2023-12-06 12:01:30 info: Connected to MongoDB
2023-12-06 12:04:56 info: Server is Successfully Running, & listening on port 3000
2023-12-06 12:04:56 info: Connected to MongoDB
2023-12-06 12:09:38 info: Server is Successfully Running, & listening on port 3000
2023-12-06 12:09:38 info: Connected to MongoDB
2023-12-06 12:11:09 info: Server is Successfully Running, & listening on port 3000
2023-12-06 12:11:09 info: Connected to MongoDB
2023-12-06 12:12:11 error: CastError: Cast to Number failed for value "783456784V" (type string) at path "serial" for model "Investigation"
    at SchemaNumber.cast (C:\Users\010280\Desktop\Web Projects\ims-backend\node_modules\mongoose\lib\schema\number.js:380:11)
    at SchemaType.applySetters (C:\Users\010280\Desktop\Web Projects\ims-backend\node_modules\mongoose\lib\schemaType.js:1219:12)
    at SchemaNumber.castForQuery (C:\Users\010280\Desktop\Web Projects\ims-backend\node_modules\mongoose\lib\schema\number.js:432:14)
    at cast (C:\Users\010280\Desktop\Web Projects\ims-backend\node_modules\mongoose\lib\cast.js:375:32)
    at Query.cast (C:\Users\010280\Desktop\Web Projects\ims-backend\node_modules\mongoose\lib\query.js:4768:12)
    at Query._castConditions (C:\Users\010280\Desktop\Web Projects\ims-backend\node_modules\mongoose\lib\query.js:2200:10)
    at model.Query._findOne (C:\Users\010280\Desktop\Web Projects\ims-backend\node_modules\mongoose\lib\query.js:2484:8)
    at model.Query.exec (C:\Users\010280\Desktop\Web Projects\ims-backend\node_modules\mongoose\lib\query.js:4290:80)
    at process.processTicksAndRejections (node:internal/process/task_queues:95:5)
    at async createInvestigation (C:\Users\010280\Desktop\Web Projects\ims-backend\controllers\investigations.controller.js:66:26)
2023-12-06 12:13:33 info: Server is Successfully Running, & listening on port 3000
2023-12-06 12:13:33 info: Connected to MongoDB
2023-12-06 12:13:45 info: Server is Successfully Running, & listening on port 3000
2023-12-06 12:13:45 info: Connected to MongoDB
2023-12-06 12:13:49 info: Server is Successfully Running, & listening on port 3000
2023-12-06 12:13:49 info: Connected to MongoDB
2023-12-06 12:15:41 error: TypeError: decryptData(...).trim is not a function
    at createInvestigation (C:\Users\010280\Desktop\Web Projects\ims-backend\controllers\investigations.controller.js:37:77)
    at newFn (C:\Users\010280\Desktop\Web Projects\ims-backend\node_modules\express-async-errors\index.js:16:20)
    at Layer.handle [as handle_request] (C:\Users\010280\Desktop\Web Projects\ims-backend\node_modules\express\lib\router\layer.js:95:5)
    at next (C:\Users\010280\Desktop\Web Projects\ims-backend\node_modules\express\lib\router\route.js:144:13)
    at Route.dispatch (C:\Users\010280\Desktop\Web Projects\ims-backend\node_modules\express\lib\router\route.js:114:3)
    at newFn (C:\Users\010280\Desktop\Web Projects\ims-backend\node_modules\express-async-errors\index.js:16:20)
    at Layer.handle [as handle_request] (C:\Users\010280\Desktop\Web Projects\ims-backend\node_modules\express\lib\router\layer.js:95:5)
    at C:\Users\010280\Desktop\Web Projects\ims-backend\node_modules\express\lib\router\index.js:284:15
    at Function.process_params (C:\Users\010280\Desktop\Web Projects\ims-backend\node_modules\express\lib\router\index.js:346:12)
    at next (C:\Users\010280\Desktop\Web Projects\ims-backend\node_modules\express\lib\router\index.js:280:10)
2023-12-06 12:16:10 info: Server is Successfully Running, & listening on port 3000
2023-12-06 12:16:10 info: Connected to MongoDB
2023-12-06 12:29:45 info: Server is Successfully Running, & listening on port 3000
2023-12-06 12:29:45 info: Connected to MongoDB
2023-12-06 12:30:42 info: Server is Successfully Running, & listening on port 3000
2023-12-06 12:30:42 info: Connected to MongoDB
2023-12-06 12:31:08 info: Server is Successfully Running, & listening on port 3000
2023-12-06 12:31:08 info: Connected to MongoDB
2023-12-06 13:46:50 info: Server is Successfully Running, & listening on port 3000
2023-12-06 13:46:50 info: Connected to MongoDB
2023-12-06 15:55:30 info: Server is Successfully Running, & listening on port 3000
2023-12-06 15:55:30 info: Connected to MongoDB
2023-12-07 08:42:21 info: Server is Successfully Running, & listening on port 3000
2023-12-07 08:42:21 info: Connected to MongoDB
2023-12-07 09:27:00 error: CastError: Cast to ObjectId failed for value "1" (type string) at path "_id" for model "Investigation"
    at SchemaObjectId.cast (C:\Users\010280\Desktop\Web Projects\ims-backend\node_modules\mongoose\lib\schema\objectId.js:250:11)
    at SchemaType.applySetters (C:\Users\010280\Desktop\Web Projects\ims-backend\node_modules\mongoose\lib\schemaType.js:1219:12)
    at SchemaType.castForQuery (C:\Users\010280\Desktop\Web Projects\ims-backend\node_modules\mongoose\lib\schemaType.js:1633:15)
    at cast (C:\Users\010280\Desktop\Web Projects\ims-backend\node_modules\mongoose\lib\cast.js:375:32)
    at Query.cast (C:\Users\010280\Desktop\Web Projects\ims-backend\node_modules\mongoose\lib\query.js:4768:12)
    at Query._castConditions (C:\Users\010280\Desktop\Web Projects\ims-backend\node_modules\mongoose\lib\query.js:2200:10)
    at model.Query._findOne (C:\Users\010280\Desktop\Web Projects\ims-backend\node_modules\mongoose\lib\query.js:2484:8)
    at model.Query.exec (C:\Users\010280\Desktop\Web Projects\ims-backend\node_modules\mongoose\lib\query.js:4290:80)
    at process.processTicksAndRejections (node:internal/process/task_queues:95:5)
    at async getInvestigation (C:\Users\010280\Desktop\Web Projects\ims-backend\controllers\investigations.controller.js:170:27)
2023-12-07 09:27:01 error: CastError: Cast to ObjectId failed for value "1" (type string) at path "_id" for model "Investigation"
    at SchemaObjectId.cast (C:\Users\010280\Desktop\Web Projects\ims-backend\node_modules\mongoose\lib\schema\objectId.js:250:11)
    at SchemaType.applySetters (C:\Users\010280\Desktop\Web Projects\ims-backend\node_modules\mongoose\lib\schemaType.js:1219:12)
    at SchemaType.castForQuery (C:\Users\010280\Desktop\Web Projects\ims-backend\node_modules\mongoose\lib\schemaType.js:1633:15)
    at cast (C:\Users\010280\Desktop\Web Projects\ims-backend\node_modules\mongoose\lib\cast.js:375:32)
    at Query.cast (C:\Users\010280\Desktop\Web Projects\ims-backend\node_modules\mongoose\lib\query.js:4768:12)
    at Query._castConditions (C:\Users\010280\Desktop\Web Projects\ims-backend\node_modules\mongoose\lib\query.js:2200:10)
    at model.Query._findOne (C:\Users\010280\Desktop\Web Projects\ims-backend\node_modules\mongoose\lib\query.js:2484:8)
    at model.Query.exec (C:\Users\010280\Desktop\Web Projects\ims-backend\node_modules\mongoose\lib\query.js:4290:80)
    at process.processTicksAndRejections (node:internal/process/task_queues:95:5)
    at async getInvestigation (C:\Users\010280\Desktop\Web Projects\ims-backend\controllers\investigations.controller.js:170:27)
2023-12-07 09:27:02 error: CastError: Cast to ObjectId failed for value "1" (type string) at path "_id" for model "Investigation"
    at SchemaObjectId.cast (C:\Users\010280\Desktop\Web Projects\ims-backend\node_modules\mongoose\lib\schema\objectId.js:250:11)
    at SchemaType.applySetters (C:\Users\010280\Desktop\Web Projects\ims-backend\node_modules\mongoose\lib\schemaType.js:1219:12)
    at SchemaType.castForQuery (C:\Users\010280\Desktop\Web Projects\ims-backend\node_modules\mongoose\lib\schemaType.js:1633:15)
    at cast (C:\Users\010280\Desktop\Web Projects\ims-backend\node_modules\mongoose\lib\cast.js:375:32)
    at Query.cast (C:\Users\010280\Desktop\Web Projects\ims-backend\node_modules\mongoose\lib\query.js:4768:12)
    at Query._castConditions (C:\Users\010280\Desktop\Web Projects\ims-backend\node_modules\mongoose\lib\query.js:2200:10)
    at model.Query._findOne (C:\Users\010280\Desktop\Web Projects\ims-backend\node_modules\mongoose\lib\query.js:2484:8)
    at model.Query.exec (C:\Users\010280\Desktop\Web Projects\ims-backend\node_modules\mongoose\lib\query.js:4290:80)
    at process.processTicksAndRejections (node:internal/process/task_queues:95:5)
    at async getInvestigation (C:\Users\010280\Desktop\Web Projects\ims-backend\controllers\investigations.controller.js:170:27)
2023-12-07 09:27:02 error: CastError: Cast to ObjectId failed for value "1" (type string) at path "_id" for model "Investigation"
    at SchemaObjectId.cast (C:\Users\010280\Desktop\Web Projects\ims-backend\node_modules\mongoose\lib\schema\objectId.js:250:11)
    at SchemaType.applySetters (C:\Users\010280\Desktop\Web Projects\ims-backend\node_modules\mongoose\lib\schemaType.js:1219:12)
    at SchemaType.castForQuery (C:\Users\010280\Desktop\Web Projects\ims-backend\node_modules\mongoose\lib\schemaType.js:1633:15)
    at cast (C:\Users\010280\Desktop\Web Projects\ims-backend\node_modules\mongoose\lib\cast.js:375:32)
    at Query.cast (C:\Users\010280\Desktop\Web Projects\ims-backend\node_modules\mongoose\lib\query.js:4768:12)
    at Query._castConditions (C:\Users\010280\Desktop\Web Projects\ims-backend\node_modules\mongoose\lib\query.js:2200:10)
    at model.Query._findOne (C:\Users\010280\Desktop\Web Projects\ims-backend\node_modules\mongoose\lib\query.js:2484:8)
    at model.Query.exec (C:\Users\010280\Desktop\Web Projects\ims-backend\node_modules\mongoose\lib\query.js:4290:80)
    at process.processTicksAndRejections (node:internal/process/task_queues:95:5)
    at async getInvestigation (C:\Users\010280\Desktop\Web Projects\ims-backend\controllers\investigations.controller.js:170:27)
2023-12-07 09:27:13 error: CastError: Cast to ObjectId failed for value "1" (type string) at path "_id" for model "Investigation"
    at SchemaObjectId.cast (C:\Users\010280\Desktop\Web Projects\ims-backend\node_modules\mongoose\lib\schema\objectId.js:250:11)
    at SchemaType.applySetters (C:\Users\010280\Desktop\Web Projects\ims-backend\node_modules\mongoose\lib\schemaType.js:1219:12)
    at SchemaType.castForQuery (C:\Users\010280\Desktop\Web Projects\ims-backend\node_modules\mongoose\lib\schemaType.js:1633:15)
    at cast (C:\Users\010280\Desktop\Web Projects\ims-backend\node_modules\mongoose\lib\cast.js:375:32)
    at Query.cast (C:\Users\010280\Desktop\Web Projects\ims-backend\node_modules\mongoose\lib\query.js:4768:12)
    at Query._castConditions (C:\Users\010280\Desktop\Web Projects\ims-backend\node_modules\mongoose\lib\query.js:2200:10)
    at model.Query._findOne (C:\Users\010280\Desktop\Web Projects\ims-backend\node_modules\mongoose\lib\query.js:2484:8)
    at model.Query.exec (C:\Users\010280\Desktop\Web Projects\ims-backend\node_modules\mongoose\lib\query.js:4290:80)
    at process.processTicksAndRejections (node:internal/process/task_queues:95:5)
    at async getInvestigation (C:\Users\010280\Desktop\Web Projects\ims-backend\controllers\investigations.controller.js:170:27)
2023-12-07 09:27:13 error: CastError: Cast to ObjectId failed for value "1" (type string) at path "_id" for model "Investigation"
    at SchemaObjectId.cast (C:\Users\010280\Desktop\Web Projects\ims-backend\node_modules\mongoose\lib\schema\objectId.js:250:11)
    at SchemaType.applySetters (C:\Users\010280\Desktop\Web Projects\ims-backend\node_modules\mongoose\lib\schemaType.js:1219:12)
    at SchemaType.castForQuery (C:\Users\010280\Desktop\Web Projects\ims-backend\node_modules\mongoose\lib\schemaType.js:1633:15)
    at cast (C:\Users\010280\Desktop\Web Projects\ims-backend\node_modules\mongoose\lib\cast.js:375:32)
    at Query.cast (C:\Users\010280\Desktop\Web Projects\ims-backend\node_modules\mongoose\lib\query.js:4768:12)
    at Query._castConditions (C:\Users\010280\Desktop\Web Projects\ims-backend\node_modules\mongoose\lib\query.js:2200:10)
    at model.Query._findOne (C:\Users\010280\Desktop\Web Projects\ims-backend\node_modules\mongoose\lib\query.js:2484:8)
    at model.Query.exec (C:\Users\010280\Desktop\Web Projects\ims-backend\node_modules\mongoose\lib\query.js:4290:80)
    at process.processTicksAndRejections (node:internal/process/task_queues:95:5)
    at async getInvestigation (C:\Users\010280\Desktop\Web Projects\ims-backend\controllers\investigations.controller.js:170:27)
2023-12-07 09:27:15 error: CastError: Cast to ObjectId failed for value "1" (type string) at path "_id" for model "Investigation"
    at SchemaObjectId.cast (C:\Users\010280\Desktop\Web Projects\ims-backend\node_modules\mongoose\lib\schema\objectId.js:250:11)
    at SchemaType.applySetters (C:\Users\010280\Desktop\Web Projects\ims-backend\node_modules\mongoose\lib\schemaType.js:1219:12)
    at SchemaType.castForQuery (C:\Users\010280\Desktop\Web Projects\ims-backend\node_modules\mongoose\lib\schemaType.js:1633:15)
    at cast (C:\Users\010280\Desktop\Web Projects\ims-backend\node_modules\mongoose\lib\cast.js:375:32)
    at Query.cast (C:\Users\010280\Desktop\Web Projects\ims-backend\node_modules\mongoose\lib\query.js:4768:12)
    at Query._castConditions (C:\Users\010280\Desktop\Web Projects\ims-backend\node_modules\mongoose\lib\query.js:2200:10)
    at model.Query._findOne (C:\Users\010280\Desktop\Web Projects\ims-backend\node_modules\mongoose\lib\query.js:2484:8)
    at model.Query.exec (C:\Users\010280\Desktop\Web Projects\ims-backend\node_modules\mongoose\lib\query.js:4290:80)
    at process.processTicksAndRejections (node:internal/process/task_queues:95:5)
    at async getInvestigation (C:\Users\010280\Desktop\Web Projects\ims-backend\controllers\investigations.controller.js:170:27)
2023-12-07 09:27:15 error: CastError: Cast to ObjectId failed for value "1" (type string) at path "_id" for model "Investigation"
    at SchemaObjectId.cast (C:\Users\010280\Desktop\Web Projects\ims-backend\node_modules\mongoose\lib\schema\objectId.js:250:11)
    at SchemaType.applySetters (C:\Users\010280\Desktop\Web Projects\ims-backend\node_modules\mongoose\lib\schemaType.js:1219:12)
    at SchemaType.castForQuery (C:\Users\010280\Desktop\Web Projects\ims-backend\node_modules\mongoose\lib\schemaType.js:1633:15)
    at cast (C:\Users\010280\Desktop\Web Projects\ims-backend\node_modules\mongoose\lib\cast.js:375:32)
    at Query.cast (C:\Users\010280\Desktop\Web Projects\ims-backend\node_modules\mongoose\lib\query.js:4768:12)
    at Query._castConditions (C:\Users\010280\Desktop\Web Projects\ims-backend\node_modules\mongoose\lib\query.js:2200:10)
    at model.Query._findOne (C:\Users\010280\Desktop\Web Projects\ims-backend\node_modules\mongoose\lib\query.js:2484:8)
    at model.Query.exec (C:\Users\010280\Desktop\Web Projects\ims-backend\node_modules\mongoose\lib\query.js:4290:80)
    at process.processTicksAndRejections (node:internal/process/task_queues:95:5)
    at async getInvestigation (C:\Users\010280\Desktop\Web Projects\ims-backend\controllers\investigations.controller.js:170:27)
2023-12-07 09:27:17 error: CastError: Cast to ObjectId failed for value "1" (type string) at path "_id" for model "Investigation"
    at SchemaObjectId.cast (C:\Users\010280\Desktop\Web Projects\ims-backend\node_modules\mongoose\lib\schema\objectId.js:250:11)
    at SchemaType.applySetters (C:\Users\010280\Desktop\Web Projects\ims-backend\node_modules\mongoose\lib\schemaType.js:1219:12)
    at SchemaType.castForQuery (C:\Users\010280\Desktop\Web Projects\ims-backend\node_modules\mongoose\lib\schemaType.js:1633:15)
    at cast (C:\Users\010280\Desktop\Web Projects\ims-backend\node_modules\mongoose\lib\cast.js:375:32)
    at Query.cast (C:\Users\010280\Desktop\Web Projects\ims-backend\node_modules\mongoose\lib\query.js:4768:12)
    at Query._castConditions (C:\Users\010280\Desktop\Web Projects\ims-backend\node_modules\mongoose\lib\query.js:2200:10)
    at model.Query._findOne (C:\Users\010280\Desktop\Web Projects\ims-backend\node_modules\mongoose\lib\query.js:2484:8)
    at model.Query.exec (C:\Users\010280\Desktop\Web Projects\ims-backend\node_modules\mongoose\lib\query.js:4290:80)
    at process.processTicksAndRejections (node:internal/process/task_queues:95:5)
    at async getInvestigation (C:\Users\010280\Desktop\Web Projects\ims-backend\controllers\investigations.controller.js:170:27)
2023-12-07 09:27:17 error: CastError: Cast to ObjectId failed for value "1" (type string) at path "_id" for model "Investigation"
    at SchemaObjectId.cast (C:\Users\010280\Desktop\Web Projects\ims-backend\node_modules\mongoose\lib\schema\objectId.js:250:11)
    at SchemaType.applySetters (C:\Users\010280\Desktop\Web Projects\ims-backend\node_modules\mongoose\lib\schemaType.js:1219:12)
    at SchemaType.castForQuery (C:\Users\010280\Desktop\Web Projects\ims-backend\node_modules\mongoose\lib\schemaType.js:1633:15)
    at cast (C:\Users\010280\Desktop\Web Projects\ims-backend\node_modules\mongoose\lib\cast.js:375:32)
    at Query.cast (C:\Users\010280\Desktop\Web Projects\ims-backend\node_modules\mongoose\lib\query.js:4768:12)
    at Query._castConditions (C:\Users\010280\Desktop\Web Projects\ims-backend\node_modules\mongoose\lib\query.js:2200:10)
    at model.Query._findOne (C:\Users\010280\Desktop\Web Projects\ims-backend\node_modules\mongoose\lib\query.js:2484:8)
    at model.Query.exec (C:\Users\010280\Desktop\Web Projects\ims-backend\node_modules\mongoose\lib\query.js:4290:80)
    at process.processTicksAndRejections (node:internal/process/task_queues:95:5)
    at async getInvestigation (C:\Users\010280\Desktop\Web Projects\ims-backend\controllers\investigations.controller.js:170:27)
2023-12-07 09:27:17 error: CastError: Cast to ObjectId failed for value "1" (type string) at path "_id" for model "Investigation"
    at SchemaObjectId.cast (C:\Users\010280\Desktop\Web Projects\ims-backend\node_modules\mongoose\lib\schema\objectId.js:250:11)
    at SchemaType.applySetters (C:\Users\010280\Desktop\Web Projects\ims-backend\node_modules\mongoose\lib\schemaType.js:1219:12)
    at SchemaType.castForQuery (C:\Users\010280\Desktop\Web Projects\ims-backend\node_modules\mongoose\lib\schemaType.js:1633:15)
    at cast (C:\Users\010280\Desktop\Web Projects\ims-backend\node_modules\mongoose\lib\cast.js:375:32)
    at Query.cast (C:\Users\010280\Desktop\Web Projects\ims-backend\node_modules\mongoose\lib\query.js:4768:12)
    at Query._castConditions (C:\Users\010280\Desktop\Web Projects\ims-backend\node_modules\mongoose\lib\query.js:2200:10)
    at model.Query._findOne (C:\Users\010280\Desktop\Web Projects\ims-backend\node_modules\mongoose\lib\query.js:2484:8)
    at model.Query.exec (C:\Users\010280\Desktop\Web Projects\ims-backend\node_modules\mongoose\lib\query.js:4290:80)
    at process.processTicksAndRejections (node:internal/process/task_queues:95:5)
    at async getInvestigation (C:\Users\010280\Desktop\Web Projects\ims-backend\controllers\investigations.controller.js:170:27)
2023-12-07 09:27:17 error: CastError: Cast to ObjectId failed for value "1" (type string) at path "_id" for model "Investigation"
    at SchemaObjectId.cast (C:\Users\010280\Desktop\Web Projects\ims-backend\node_modules\mongoose\lib\schema\objectId.js:250:11)
    at SchemaType.applySetters (C:\Users\010280\Desktop\Web Projects\ims-backend\node_modules\mongoose\lib\schemaType.js:1219:12)
    at SchemaType.castForQuery (C:\Users\010280\Desktop\Web Projects\ims-backend\node_modules\mongoose\lib\schemaType.js:1633:15)
    at cast (C:\Users\010280\Desktop\Web Projects\ims-backend\node_modules\mongoose\lib\cast.js:375:32)
    at Query.cast (C:\Users\010280\Desktop\Web Projects\ims-backend\node_modules\mongoose\lib\query.js:4768:12)
    at Query._castConditions (C:\Users\010280\Desktop\Web Projects\ims-backend\node_modules\mongoose\lib\query.js:2200:10)
    at model.Query._findOne (C:\Users\010280\Desktop\Web Projects\ims-backend\node_modules\mongoose\lib\query.js:2484:8)
    at model.Query.exec (C:\Users\010280\Desktop\Web Projects\ims-backend\node_modules\mongoose\lib\query.js:4290:80)
    at process.processTicksAndRejections (node:internal/process/task_queues:95:5)
    at async getInvestigation (C:\Users\010280\Desktop\Web Projects\ims-backend\controllers\investigations.controller.js:170:27)
2023-12-07 09:29:06 error: CastError: Cast to ObjectId failed for value "1" (type string) at path "_id" for model "Investigation"
    at SchemaObjectId.cast (C:\Users\010280\Desktop\Web Projects\ims-backend\node_modules\mongoose\lib\schema\objectId.js:250:11)
    at SchemaType.applySetters (C:\Users\010280\Desktop\Web Projects\ims-backend\node_modules\mongoose\lib\schemaType.js:1219:12)
    at SchemaType.castForQuery (C:\Users\010280\Desktop\Web Projects\ims-backend\node_modules\mongoose\lib\schemaType.js:1633:15)
    at cast (C:\Users\010280\Desktop\Web Projects\ims-backend\node_modules\mongoose\lib\cast.js:375:32)
    at Query.cast (C:\Users\010280\Desktop\Web Projects\ims-backend\node_modules\mongoose\lib\query.js:4768:12)
    at Query._castConditions (C:\Users\010280\Desktop\Web Projects\ims-backend\node_modules\mongoose\lib\query.js:2200:10)
    at model.Query._findOne (C:\Users\010280\Desktop\Web Projects\ims-backend\node_modules\mongoose\lib\query.js:2484:8)
    at model.Query.exec (C:\Users\010280\Desktop\Web Projects\ims-backend\node_modules\mongoose\lib\query.js:4290:80)
    at process.processTicksAndRejections (node:internal/process/task_queues:95:5)
    at async getInvestigation (C:\Users\010280\Desktop\Web Projects\ims-backend\controllers\investigations.controller.js:170:27)
2023-12-07 09:29:06 error: CastError: Cast to ObjectId failed for value "1" (type string) at path "_id" for model "Investigation"
    at SchemaObjectId.cast (C:\Users\010280\Desktop\Web Projects\ims-backend\node_modules\mongoose\lib\schema\objectId.js:250:11)
    at SchemaType.applySetters (C:\Users\010280\Desktop\Web Projects\ims-backend\node_modules\mongoose\lib\schemaType.js:1219:12)
    at SchemaType.castForQuery (C:\Users\010280\Desktop\Web Projects\ims-backend\node_modules\mongoose\lib\schemaType.js:1633:15)
    at cast (C:\Users\010280\Desktop\Web Projects\ims-backend\node_modules\mongoose\lib\cast.js:375:32)
    at Query.cast (C:\Users\010280\Desktop\Web Projects\ims-backend\node_modules\mongoose\lib\query.js:4768:12)
    at Query._castConditions (C:\Users\010280\Desktop\Web Projects\ims-backend\node_modules\mongoose\lib\query.js:2200:10)
    at model.Query._findOne (C:\Users\010280\Desktop\Web Projects\ims-backend\node_modules\mongoose\lib\query.js:2484:8)
    at model.Query.exec (C:\Users\010280\Desktop\Web Projects\ims-backend\node_modules\mongoose\lib\query.js:4290:80)
    at process.processTicksAndRejections (node:internal/process/task_queues:95:5)
    at async getInvestigation (C:\Users\010280\Desktop\Web Projects\ims-backend\controllers\investigations.controller.js:170:27)
2023-12-07 09:36:16 error: CastError: Cast to ObjectId failed for value "1" (type string) at path "_id" for model "Investigation"
    at SchemaObjectId.cast (C:\Users\010280\Desktop\Web Projects\ims-backend\node_modules\mongoose\lib\schema\objectId.js:250:11)
    at SchemaType.applySetters (C:\Users\010280\Desktop\Web Projects\ims-backend\node_modules\mongoose\lib\schemaType.js:1219:12)
    at SchemaType.castForQuery (C:\Users\010280\Desktop\Web Projects\ims-backend\node_modules\mongoose\lib\schemaType.js:1633:15)
    at cast (C:\Users\010280\Desktop\Web Projects\ims-backend\node_modules\mongoose\lib\cast.js:375:32)
    at Query.cast (C:\Users\010280\Desktop\Web Projects\ims-backend\node_modules\mongoose\lib\query.js:4768:12)
    at Query._castConditions (C:\Users\010280\Desktop\Web Projects\ims-backend\node_modules\mongoose\lib\query.js:2200:10)
    at model.Query._findOne (C:\Users\010280\Desktop\Web Projects\ims-backend\node_modules\mongoose\lib\query.js:2484:8)
    at model.Query.exec (C:\Users\010280\Desktop\Web Projects\ims-backend\node_modules\mongoose\lib\query.js:4290:80)
    at process.processTicksAndRejections (node:internal/process/task_queues:95:5)
    at async getInvestigation (C:\Users\010280\Desktop\Web Projects\ims-backend\controllers\investigations.controller.js:170:27)
2023-12-07 09:36:16 error: CastError: Cast to ObjectId failed for value "1" (type string) at path "_id" for model "Investigation"
    at SchemaObjectId.cast (C:\Users\010280\Desktop\Web Projects\ims-backend\node_modules\mongoose\lib\schema\objectId.js:250:11)
    at SchemaType.applySetters (C:\Users\010280\Desktop\Web Projects\ims-backend\node_modules\mongoose\lib\schemaType.js:1219:12)
    at SchemaType.castForQuery (C:\Users\010280\Desktop\Web Projects\ims-backend\node_modules\mongoose\lib\schemaType.js:1633:15)
    at cast (C:\Users\010280\Desktop\Web Projects\ims-backend\node_modules\mongoose\lib\cast.js:375:32)
    at Query.cast (C:\Users\010280\Desktop\Web Projects\ims-backend\node_modules\mongoose\lib\query.js:4768:12)
    at Query._castConditions (C:\Users\010280\Desktop\Web Projects\ims-backend\node_modules\mongoose\lib\query.js:2200:10)
    at model.Query._findOne (C:\Users\010280\Desktop\Web Projects\ims-backend\node_modules\mongoose\lib\query.js:2484:8)
    at model.Query.exec (C:\Users\010280\Desktop\Web Projects\ims-backend\node_modules\mongoose\lib\query.js:4290:80)
    at process.processTicksAndRejections (node:internal/process/task_queues:95:5)
    at async getInvestigation (C:\Users\010280\Desktop\Web Projects\ims-backend\controllers\investigations.controller.js:170:27)
2023-12-07 09:38:06 error: CastError: Cast to ObjectId failed for value "1" (type string) at path "_id" for model "Investigation"
    at SchemaObjectId.cast (C:\Users\010280\Desktop\Web Projects\ims-backend\node_modules\mongoose\lib\schema\objectId.js:250:11)
    at SchemaType.applySetters (C:\Users\010280\Desktop\Web Projects\ims-backend\node_modules\mongoose\lib\schemaType.js:1219:12)
    at SchemaType.castForQuery (C:\Users\010280\Desktop\Web Projects\ims-backend\node_modules\mongoose\lib\schemaType.js:1633:15)
    at cast (C:\Users\010280\Desktop\Web Projects\ims-backend\node_modules\mongoose\lib\cast.js:375:32)
    at Query.cast (C:\Users\010280\Desktop\Web Projects\ims-backend\node_modules\mongoose\lib\query.js:4768:12)
    at Query._castConditions (C:\Users\010280\Desktop\Web Projects\ims-backend\node_modules\mongoose\lib\query.js:2200:10)
    at model.Query._findOne (C:\Users\010280\Desktop\Web Projects\ims-backend\node_modules\mongoose\lib\query.js:2484:8)
    at model.Query.exec (C:\Users\010280\Desktop\Web Projects\ims-backend\node_modules\mongoose\lib\query.js:4290:80)
    at process.processTicksAndRejections (node:internal/process/task_queues:95:5)
    at async getInvestigation (C:\Users\010280\Desktop\Web Projects\ims-backend\controllers\investigations.controller.js:170:27)
2023-12-07 09:38:06 error: CastError: Cast to ObjectId failed for value "1" (type string) at path "_id" for model "Investigation"
    at SchemaObjectId.cast (C:\Users\010280\Desktop\Web Projects\ims-backend\node_modules\mongoose\lib\schema\objectId.js:250:11)
    at SchemaType.applySetters (C:\Users\010280\Desktop\Web Projects\ims-backend\node_modules\mongoose\lib\schemaType.js:1219:12)
    at SchemaType.castForQuery (C:\Users\010280\Desktop\Web Projects\ims-backend\node_modules\mongoose\lib\schemaType.js:1633:15)
    at cast (C:\Users\010280\Desktop\Web Projects\ims-backend\node_modules\mongoose\lib\cast.js:375:32)
    at Query.cast (C:\Users\010280\Desktop\Web Projects\ims-backend\node_modules\mongoose\lib\query.js:4768:12)
    at Query._castConditions (C:\Users\010280\Desktop\Web Projects\ims-backend\node_modules\mongoose\lib\query.js:2200:10)
    at model.Query._findOne (C:\Users\010280\Desktop\Web Projects\ims-backend\node_modules\mongoose\lib\query.js:2484:8)
    at model.Query.exec (C:\Users\010280\Desktop\Web Projects\ims-backend\node_modules\mongoose\lib\query.js:4290:80)
    at process.processTicksAndRejections (node:internal/process/task_queues:95:5)
    at async getInvestigation (C:\Users\010280\Desktop\Web Projects\ims-backend\controllers\investigations.controller.js:170:27)
2023-12-07 11:27:17 error: CastError: Cast to ObjectId failed for value "65701552ca4" (type string) at path "_id" for model "Investigation"
    at SchemaObjectId.cast (C:\Users\010280\Desktop\Web Projects\ims-backend\node_modules\mongoose\lib\schema\objectId.js:250:11)
    at SchemaType.applySetters (C:\Users\010280\Desktop\Web Projects\ims-backend\node_modules\mongoose\lib\schemaType.js:1219:12)
    at SchemaType.castForQuery (C:\Users\010280\Desktop\Web Projects\ims-backend\node_modules\mongoose\lib\schemaType.js:1633:15)
    at cast (C:\Users\010280\Desktop\Web Projects\ims-backend\node_modules\mongoose\lib\cast.js:375:32)
    at Query.cast (C:\Users\010280\Desktop\Web Projects\ims-backend\node_modules\mongoose\lib\query.js:4768:12)
    at Query._castConditions (C:\Users\010280\Desktop\Web Projects\ims-backend\node_modules\mongoose\lib\query.js:2200:10)
    at model.Query._findOne (C:\Users\010280\Desktop\Web Projects\ims-backend\node_modules\mongoose\lib\query.js:2484:8)
    at model.Query.exec (C:\Users\010280\Desktop\Web Projects\ims-backend\node_modules\mongoose\lib\query.js:4290:80)
    at process.processTicksAndRejections (node:internal/process/task_queues:95:5)
    at async getInvestigation (C:\Users\010280\Desktop\Web Projects\ims-backend\controllers\investigations.controller.js:170:27)
2023-12-07 11:27:17 error: CastError: Cast to ObjectId failed for value "65701552ca4" (type string) at path "_id" for model "Investigation"
    at SchemaObjectId.cast (C:\Users\010280\Desktop\Web Projects\ims-backend\node_modules\mongoose\lib\schema\objectId.js:250:11)
    at SchemaType.applySetters (C:\Users\010280\Desktop\Web Projects\ims-backend\node_modules\mongoose\lib\schemaType.js:1219:12)
    at SchemaType.castForQuery (C:\Users\010280\Desktop\Web Projects\ims-backend\node_modules\mongoose\lib\schemaType.js:1633:15)
    at cast (C:\Users\010280\Desktop\Web Projects\ims-backend\node_modules\mongoose\lib\cast.js:375:32)
    at Query.cast (C:\Users\010280\Desktop\Web Projects\ims-backend\node_modules\mongoose\lib\query.js:4768:12)
    at Query._castConditions (C:\Users\010280\Desktop\Web Projects\ims-backend\node_modules\mongoose\lib\query.js:2200:10)
    at model.Query._findOne (C:\Users\010280\Desktop\Web Projects\ims-backend\node_modules\mongoose\lib\query.js:2484:8)
    at model.Query.exec (C:\Users\010280\Desktop\Web Projects\ims-backend\node_modules\mongoose\lib\query.js:4290:80)
    at process.processTicksAndRejections (node:internal/process/task_queues:95:5)
    at async getInvestigation (C:\Users\010280\Desktop\Web Projects\ims-backend\controllers\investigations.controller.js:170:27)
2023-12-07 11:27:20 error: CastError: Cast to ObjectId failed for value "65701552ca4" (type string) at path "_id" for model "Investigation"
    at SchemaObjectId.cast (C:\Users\010280\Desktop\Web Projects\ims-backend\node_modules\mongoose\lib\schema\objectId.js:250:11)
    at SchemaType.applySetters (C:\Users\010280\Desktop\Web Projects\ims-backend\node_modules\mongoose\lib\schemaType.js:1219:12)
    at SchemaType.castForQuery (C:\Users\010280\Desktop\Web Projects\ims-backend\node_modules\mongoose\lib\schemaType.js:1633:15)
    at cast (C:\Users\010280\Desktop\Web Projects\ims-backend\node_modules\mongoose\lib\cast.js:375:32)
    at Query.cast (C:\Users\010280\Desktop\Web Projects\ims-backend\node_modules\mongoose\lib\query.js:4768:12)
    at Query._castConditions (C:\Users\010280\Desktop\Web Projects\ims-backend\node_modules\mongoose\lib\query.js:2200:10)
    at model.Query._findOne (C:\Users\010280\Desktop\Web Projects\ims-backend\node_modules\mongoose\lib\query.js:2484:8)
    at model.Query.exec (C:\Users\010280\Desktop\Web Projects\ims-backend\node_modules\mongoose\lib\query.js:4290:80)
    at process.processTicksAndRejections (node:internal/process/task_queues:95:5)
    at async getInvestigation (C:\Users\010280\Desktop\Web Projects\ims-backend\controllers\investigations.controller.js:170:27)
2023-12-07 11:27:20 error: CastError: Cast to ObjectId failed for value "65701552ca4" (type string) at path "_id" for model "Investigation"
    at SchemaObjectId.cast (C:\Users\010280\Desktop\Web Projects\ims-backend\node_modules\mongoose\lib\schema\objectId.js:250:11)
    at SchemaType.applySetters (C:\Users\010280\Desktop\Web Projects\ims-backend\node_modules\mongoose\lib\schemaType.js:1219:12)
    at SchemaType.castForQuery (C:\Users\010280\Desktop\Web Projects\ims-backend\node_modules\mongoose\lib\schemaType.js:1633:15)
    at cast (C:\Users\010280\Desktop\Web Projects\ims-backend\node_modules\mongoose\lib\cast.js:375:32)
    at Query.cast (C:\Users\010280\Desktop\Web Projects\ims-backend\node_modules\mongoose\lib\query.js:4768:12)
    at Query._castConditions (C:\Users\010280\Desktop\Web Projects\ims-backend\node_modules\mongoose\lib\query.js:2200:10)
    at model.Query._findOne (C:\Users\010280\Desktop\Web Projects\ims-backend\node_modules\mongoose\lib\query.js:2484:8)
    at model.Query.exec (C:\Users\010280\Desktop\Web Projects\ims-backend\node_modules\mongoose\lib\query.js:4290:80)
    at process.processTicksAndRejections (node:internal/process/task_queues:95:5)
    at async getInvestigation (C:\Users\010280\Desktop\Web Projects\ims-backend\controllers\investigations.controller.js:170:27)
2023-12-07 13:53:02 info: Server is Successfully Running, & listening on port 3000
2023-12-07 13:53:02 info: Connected to MongoDB
2023-12-07 14:04:02 info: Server is Successfully Running, & listening on port 3000
2023-12-07 14:04:02 info: Connected to MongoDB
2023-12-07 14:04:40 info: Server is Successfully Running, & listening on port 3000
2023-12-07 14:04:40 info: Connected to MongoDB
2023-12-07 14:05:58 info: Server is Successfully Running, & listening on port 3000
2023-12-07 14:05:58 info: Connected to MongoDB
2023-12-07 14:06:05 info: Server is Successfully Running, & listening on port 3000
2023-12-07 14:06:05 info: Connected to MongoDB
2023-12-07 14:07:38 info: Server is Successfully Running, & listening on port 3000
2023-12-07 14:07:38 info: Connected to MongoDB
2023-12-07 14:07:55 info: Server is Successfully Running, & listening on port 3000
2023-12-07 14:07:55 info: Connected to MongoDB
2023-12-07 14:09:06 info: Server is Successfully Running, & listening on port 3000
2023-12-07 14:09:06 info: Connected to MongoDB
2023-12-07 14:09:30 info: Server is Successfully Running, & listening on port 3000
2023-12-07 14:09:30 info: Connected to MongoDB
2023-12-07 14:09:43 error: ReferenceError: id is not defined
    at updateInvestigation (C:\Users\010280\Desktop\Web Projects\ims-backend\controllers\investigations.controller.js:248:56)
    at process.processTicksAndRejections (node:internal/process/task_queues:95:5)
2023-12-07 14:10:02 info: Server is Successfully Running, & listening on port 3000
2023-12-07 14:10:02 info: Connected to MongoDB
2023-12-07 14:10:13 info: Server is Successfully Running, & listening on port 3000
2023-12-07 14:10:13 info: Connected to MongoDB
2023-12-07 14:10:20 error: ReferenceError: id is not defined
    at updateInvestigation (C:\Users\010280\Desktop\Web Projects\ims-backend\controllers\investigations.controller.js:249:56)
    at process.processTicksAndRejections (node:internal/process/task_queues:95:5)
2023-12-07 14:10:44 info: Server is Successfully Running, & listening on port 3000
2023-12-07 14:10:44 info: Connected to MongoDB
2023-12-07 14:11:15 info: Server is Successfully Running, & listening on port 3000
2023-12-07 14:11:15 info: Connected to MongoDB
2023-12-07 14:17:37 info: Server is Successfully Running, & listening on port 3000
2023-12-07 14:17:37 info: Connected to MongoDB
2023-12-07 14:18:15 info: Server is Successfully Running, & listening on port 3000
2023-12-07 14:18:15 info: Connected to MongoDB
2023-12-07 14:18:22 info: Server is Successfully Running, & listening on port 3000
2023-12-07 14:18:22 info: Connected to MongoDB
2023-12-07 14:18:36 info: Server is Successfully Running, & listening on port 3000
2023-12-07 14:18:36 info: Connected to MongoDB
2023-12-07 14:18:54 info: Server is Successfully Running, & listening on port 3000
2023-12-07 14:18:54 info: Connected to MongoDB
2023-12-07 14:20:27 info: Server is Successfully Running, & listening on port 3000
2023-12-07 14:20:27 info: Connected to MongoDB
2023-12-07 14:21:20 info: Server is Successfully Running, & listening on port 3000
2023-12-07 14:21:20 info: Connected to MongoDB
2023-12-07 14:21:29 info: Server is Successfully Running, & listening on port 3000
2023-12-07 14:21:29 info: Connected to MongoDB
2023-12-07 14:22:01 info: Server is Successfully Running, & listening on port 3000
2023-12-07 14:22:01 info: Connected to MongoDB
2023-12-07 14:22:19 info: Server is Successfully Running, & listening on port 3000
2023-12-07 14:22:19 info: Connected to MongoDB
2023-12-07 14:24:41 info: Server is Successfully Running, & listening on port 3000
2023-12-07 14:24:42 info: Connected to MongoDB
2023-12-07 14:35:24 info: Server is Successfully Running, & listening on port 3000
2023-12-07 14:35:24 info: Connected to MongoDB
2023-12-07 14:36:13 info: Server is Successfully Running, & listening on port 3000
2023-12-07 14:36:13 info: Connected to MongoDB
2023-12-07 15:04:11 info: Server is Successfully Running, & listening on port 3000
2023-12-07 15:04:11 info: Connected to MongoDB
2023-12-07 15:05:34 info: Server is Successfully Running, & listening on port 3000
2023-12-07 15:05:34 info: Connected to MongoDB
2023-12-07 15:32:24 info: Server is Successfully Running, & listening on port 3000
2023-12-07 15:32:24 info: Connected to MongoDB
2023-12-07 15:57:11 info: Server is Successfully Running, & listening on port 3000
2023-12-07 15:57:11 info: Connected to MongoDB
2023-12-08 08:34:05 info: Server is Successfully Running, & listening on port 3000
2023-12-08 08:34:05 info: Connected to MongoDB
2023-12-08 09:15:59 info: Server is Successfully Running, & listening on port 3000
2023-12-08 09:15:59 info: Connected to MongoDB
2023-12-08 13:11:30 error: TypeError: Cannot read properties of null (reading 'serial')
    at getSerial (C:\Users\010280\Desktop\Web Projects\ims-backend\controllers\investigations.controller.js:229:30)
    at process.processTicksAndRejections (node:internal/process/task_queues:95:5)
2023-12-08 14:50:24 info: Server is Successfully Running, & listening on port 3000
2023-12-08 14:50:24 info: Connected to MongoDB
2023-12-08 14:50:39 info: Server is Successfully Running, & listening on port 3000
2023-12-08 14:50:39 info: Connected to MongoDB
2023-12-08 14:51:13 info: Server is Successfully Running, & listening on port 3000
2023-12-08 14:51:13 info: Connected to MongoDB
2023-12-08 14:51:21 info: Server is Successfully Running, & listening on port 3000
2023-12-08 14:51:21 info: Connected to MongoDB
2023-12-08 14:51:42 info: Server is Successfully Running, & listening on port 3000
2023-12-08 14:51:42 info: Connected to MongoDB
2023-12-08 14:53:37 info: Server is Successfully Running, & listening on port 3000
2023-12-08 14:53:37 info: Connected to MongoDB
2023-12-08 14:54:40 info: Server is Successfully Running, & listening on port 3000
2023-12-08 14:54:40 info: Connected to MongoDB
2023-12-08 14:55:21 info: Server is Successfully Running, & listening on port 3000
2023-12-08 14:55:21 info: Connected to MongoDB
2023-12-08 14:55:59 info: Server is Successfully Running, & listening on port 3000
2023-12-08 14:55:59 info: Connected to MongoDB
2023-12-08 14:56:30 info: Server is Successfully Running, & listening on port 3000
2023-12-08 14:56:30 info: Connected to MongoDB
2023-12-08 14:57:58 info: Server is Successfully Running, & listening on port 3000
2023-12-08 14:57:58 info: Connected to MongoDB
2023-12-08 14:59:07 info: Server is Successfully Running, & listening on port 3000
2023-12-08 14:59:07 info: Connected to MongoDB
2023-12-08 14:59:25 info: Server is Successfully Running, & listening on port 3000
2023-12-08 14:59:25 info: Connected to MongoDB
2023-12-08 15:00:30 info: Server is Successfully Running, & listening on port 3000
2023-12-08 15:00:30 info: Connected to MongoDB
2023-12-08 15:02:31 info: Server is Successfully Running, & listening on port 3000
2023-12-08 15:02:31 info: Connected to MongoDB
2023-12-08 15:02:35 info: Server is Successfully Running, & listening on port 3000
2023-12-08 15:02:35 info: Connected to MongoDB
2023-12-08 15:03:25 info: Server is Successfully Running, & listening on port 3000
2023-12-08 15:03:25 info: Connected to MongoDB
2023-12-08 15:03:55 info: Server is Successfully Running, & listening on port 3000
2023-12-08 15:03:55 info: Connected to MongoDB
2023-12-08 15:06:48 info: Server is Successfully Running, & listening on port 3000
2023-12-08 15:06:48 info: Connected to MongoDB
2023-12-08 15:08:08 info: Server is Successfully Running, & listening on port 3000
2023-12-08 15:08:08 info: Connected to MongoDB
2023-12-08 15:11:25 info: Server is Successfully Running, & listening on port 3000
2023-12-08 15:11:25 info: Connected to MongoDB
2023-12-08 15:12:43 info: Server is Successfully Running, & listening on port 3000
2023-12-08 15:12:43 info: Connected to MongoDB
2023-12-08 15:14:49 info: Server is Successfully Running, & listening on port 3000
2023-12-08 15:14:49 info: Connected to MongoDB
2023-12-08 15:15:32 info: Server is Successfully Running, & listening on port 3000
2023-12-08 15:15:32 info: Connected to MongoDB
2023-12-08 15:42:25 info: Server is Successfully Running, & listening on port 3000
2023-12-08 15:42:25 info: Connected to MongoDB
2023-12-11 08:29:51 info: Server is Successfully Running, & listening on port 3000
2023-12-11 08:29:52 info: Connected to MongoDB
2023-12-11 13:22:47 info: Server is Successfully Running, & listening on port 3000
2023-12-11 13:22:47 info: Connected to MongoDB
2023-12-11 13:25:01 info: Server is Successfully Running, & listening on port 3000
2023-12-11 13:25:01 info: Connected to MongoDB
2023-12-11 13:25:18 info: Server is Successfully Running, & listening on port 3000
2023-12-11 13:25:18 info: Connected to MongoDB
2023-12-11 13:25:55 info: Server is Successfully Running, & listening on port 3000
2023-12-11 13:25:55 info: Connected to MongoDB
2023-12-11 13:28:02 info: Server is Successfully Running, & listening on port 3000
2023-12-11 13:28:02 info: Connected to MongoDB
2023-12-11 13:37:07 info: Server is Successfully Running, & listening on port 3000
2023-12-11 13:37:07 info: Connected to MongoDB
2023-12-11 13:37:28 info: Server is Successfully Running, & listening on port 3000
2023-12-11 13:37:28 info: Connected to MongoDB
2023-12-11 13:38:20 info: Server is Successfully Running, & listening on port 3000
2023-12-11 13:38:20 info: Connected to MongoDB
2023-12-11 13:38:30 info: Server is Successfully Running, & listening on port 3000
2023-12-11 13:38:30 info: Connected to MongoDB
2023-12-11 13:40:26 info: Server is Successfully Running, & listening on port 3000
2023-12-11 13:40:26 info: Connected to MongoDB
2023-12-11 13:42:59 info: Server is Successfully Running, & listening on port 3000
2023-12-11 13:42:59 info: Connected to MongoDB
2023-12-11 13:43:10 info: Server is Successfully Running, & listening on port 3000
2023-12-11 13:43:10 info: Connected to MongoDB
2023-12-11 13:44:58 info: Server is Successfully Running, & listening on port 3000
2023-12-11 13:44:58 info: Connected to MongoDB
2023-12-11 13:49:01 info: Server is Successfully Running, & listening on port 3000
2023-12-11 13:49:02 info: Connected to MongoDB
2023-12-11 13:50:14 info: Server is Successfully Running, & listening on port 3000
2023-12-11 13:50:14 info: Connected to MongoDB
2023-12-11 13:51:14 info: Server is Successfully Running, & listening on port 3000
2023-12-11 13:51:14 info: Connected to MongoDB
2023-12-11 13:51:25 info: Server is Successfully Running, & listening on port 3000
2023-12-11 13:51:25 info: Connected to MongoDB
2023-12-11 13:51:33 info: Server is Successfully Running, & listening on port 3000
2023-12-11 13:51:33 info: Connected to MongoDB
2023-12-11 13:52:00 info: Server is Successfully Running, & listening on port 3000
2023-12-11 13:52:00 info: Connected to MongoDB
2023-12-11 13:52:14 info: Server is Successfully Running, & listening on port 3000
2023-12-11 13:52:14 info: Connected to MongoDB
2023-12-11 13:52:25 info: Server is Successfully Running, & listening on port 3000
2023-12-11 13:52:25 info: Connected to MongoDB
2023-12-11 13:53:56 info: Server is Successfully Running, & listening on port 3000
2023-12-11 13:53:56 info: Connected to MongoDB
2023-12-11 13:54:47 info: Server is Successfully Running, & listening on port 3000
2023-12-11 13:54:47 info: Connected to MongoDB
2023-12-11 13:55:04 info: Server is Successfully Running, & listening on port 3000
2023-12-11 13:55:04 info: Connected to MongoDB
2023-12-11 13:59:17 info: Server is Successfully Running, & listening on port 3000
2023-12-11 13:59:17 info: Connected to MongoDB
2023-12-11 13:59:32 info: Server is Successfully Running, & listening on port 3000
2023-12-11 13:59:32 info: Connected to MongoDB
2023-12-11 14:00:07 info: Server is Successfully Running, & listening on port 3000
2023-12-11 14:00:07 info: Connected to MongoDB
2023-12-11 14:07:47 info: Server is Successfully Running, & listening on port 3000
2023-12-11 14:07:47 info: Connected to MongoDB
2023-12-11 14:20:03 info: Server is Successfully Running, & listening on port 3000
2023-12-11 14:20:03 info: Connected to MongoDB
2023-12-11 14:26:32 info: Server is Successfully Running, & listening on port 3000
2023-12-11 14:26:32 info: Connected to MongoDB
2023-12-11 14:26:46 info: Server is Successfully Running, & listening on port 3000
2023-12-11 14:26:46 info: Connected to MongoDB
2023-12-11 14:26:59 info: Server is Successfully Running, & listening on port 3000
2023-12-11 14:26:59 info: Connected to MongoDB
2023-12-11 14:28:05 info: Server is Successfully Running, & listening on port 3000
2023-12-11 14:28:05 info: Connected to MongoDB
2023-12-11 14:28:31 info: Server is Successfully Running, & listening on port 3000
2023-12-11 14:28:31 info: Connected to MongoDB
2023-12-11 14:29:23 info: Server is Successfully Running, & listening on port 3000
2023-12-11 14:29:23 info: Connected to MongoDB
2023-12-11 14:32:55 info: Server is Successfully Running, & listening on port 3000
2023-12-11 14:32:55 info: Connected to MongoDB
2023-12-11 14:33:41 info: Server is Successfully Running, & listening on port 3000
2023-12-11 14:33:41 info: Connected to MongoDB
2023-12-11 14:38:33 info: Server is Successfully Running, & listening on port 3000
2023-12-11 14:38:33 info: Connected to MongoDB
2023-12-11 14:40:19 info: Server is Successfully Running, & listening on port 3000
2023-12-11 14:40:19 info: Connected to MongoDB
2023-12-11 14:42:10 info: Server is Successfully Running, & listening on port 3000
2023-12-11 14:42:10 info: Connected to MongoDB
2023-12-11 14:43:10 info: Server is Successfully Running, & listening on port 3000
2023-12-11 14:43:10 info: Connected to MongoDB
2023-12-11 14:43:22 info: Server is Successfully Running, & listening on port 3000
2023-12-11 14:43:22 info: Connected to MongoDB
2023-12-11 14:43:52 info: Server is Successfully Running, & listening on port 3000
2023-12-11 14:43:52 info: Connected to MongoDB
2023-12-11 14:45:10 info: Server is Successfully Running, & listening on port 3000
2023-12-11 14:45:10 info: Connected to MongoDB
2023-12-11 14:50:35 info: Server is Successfully Running, & listening on port 3000
2023-12-11 14:50:35 info: Connected to MongoDB
2023-12-11 14:51:58 info: Server is Successfully Running, & listening on port 3000
2023-12-11 14:51:58 info: Connected to MongoDB
2023-12-11 14:53:13 info: Server is Successfully Running, & listening on port 3000
2023-12-11 14:53:13 info: Connected to MongoDB
2023-12-11 14:56:34 info: Server is Successfully Running, & listening on port 3000
2023-12-11 14:56:34 info: Connected to MongoDB
2023-12-11 14:57:58 info: Server is Successfully Running, & listening on port 3000
2023-12-11 14:57:58 info: Connected to MongoDB
2023-12-11 14:58:20 info: Server is Successfully Running, & listening on port 3000
2023-12-11 14:58:20 info: Connected to MongoDB
2023-12-11 14:58:35 info: Server is Successfully Running, & listening on port 3000
2023-12-11 14:58:35 info: Connected to MongoDB
2023-12-11 14:59:37 info: Server is Successfully Running, & listening on port 3000
2023-12-11 14:59:37 info: Connected to MongoDB
2023-12-11 15:00:08 info: Server is Successfully Running, & listening on port 3000
2023-12-11 15:00:08 info: Connected to MongoDB
2023-12-11 15:00:20 info: Server is Successfully Running, & listening on port 3000
2023-12-11 15:00:20 info: Connected to MongoDB
2023-12-11 15:00:30 info: Server is Successfully Running, & listening on port 3000
2023-12-11 15:00:30 info: Connected to MongoDB
2023-12-11 15:01:14 info: Server is Successfully Running, & listening on port 3000
2023-12-11 15:01:14 info: Connected to MongoDB
2023-12-11 15:01:22 info: Server is Successfully Running, & listening on port 3000
2023-12-11 15:01:22 info: Connected to MongoDB
2023-12-11 15:02:54 info: Server is Successfully Running, & listening on port 3000
2023-12-11 15:02:54 info: Connected to MongoDB
2023-12-11 15:03:24 info: Server is Successfully Running, & listening on port 3000
2023-12-11 15:03:24 info: Connected to MongoDB
2023-12-11 15:03:40 info: Server is Successfully Running, & listening on port 3000
2023-12-11 15:03:40 info: Connected to MongoDB
2023-12-11 15:03:50 info: Server is Successfully Running, & listening on port 3000
2023-12-11 15:03:50 info: Connected to MongoDB
2023-12-11 15:05:06 info: Server is Successfully Running, & listening on port 3000
2023-12-11 15:05:06 info: Connected to MongoDB
2023-12-11 15:05:13 info: Server is Successfully Running, & listening on port 3000
2023-12-11 15:05:13 info: Connected to MongoDB
2023-12-11 15:53:46 info: Server is Successfully Running, & listening on port 3000
2023-12-11 15:53:46 info: Connected to MongoDB
2023-12-12 08:38:14 info: Server is Successfully Running, & listening on port 3000
2023-12-12 08:38:14 info: Connected to MongoDB
2023-12-12 11:05:13 info: Server is Successfully Running, & listening on port 3000
2023-12-12 11:08:08 info: Server is Successfully Running, & listening on port 3000
2023-12-12 11:09:14 info: Server is Successfully Running, & listening on port 3000
2023-12-12 11:28:23 info: Server is Successfully Running, & listening on port 3000
2023-12-12 11:28:43 info: Server is Successfully Running, & listening on port 3000
2023-12-12 11:35:43 info: Server is Successfully Running, & listening on port 3000
2023-12-12 11:35:43 info: Connected to MongoDB
2023-12-12 11:45:46 info: Server is Successfully Running, & listening on port 3000
2023-12-12 11:45:46 info: Connected to MongoDB
2023-12-12 11:46:18 info: Server is Successfully Running, & listening on port 3000
2023-12-12 11:46:18 info: Connected to MongoDB
2023-12-12 11:46:59 info: Server is Successfully Running, & listening on port 3000
2023-12-12 11:46:59 info: Connected to MongoDB
2023-12-12 11:48:22 info: Server is Successfully Running, & listening on port 3000
2023-12-12 11:48:23 info: Connected to MongoDB
2023-12-12 11:50:05 info: Server is Successfully Running, & listening on port 3000
2023-12-12 11:50:05 info: Connected to MongoDB
2023-12-12 11:50:56 info: Server is Successfully Running, & listening on port 3000
2023-12-12 11:50:56 info: Connected to MongoDB
2023-12-12 11:51:22 info: Server is Successfully Running, & listening on port 3000
2023-12-12 11:51:23 info: Connected to MongoDB
2023-12-12 11:51:25 info: Server is Successfully Running, & listening on port 3000
2023-12-12 11:51:25 info: Connected to MongoDB
2023-12-12 11:51:43 info: Server is Successfully Running, & listening on port 3000
2023-12-12 11:51:43 info: Connected to MongoDB
2023-12-12 11:52:04 info: Server is Successfully Running, & listening on port 3000
2023-12-12 11:52:04 info: Connected to MongoDB
2023-12-12 11:55:17 info: Server is Successfully Running, & listening on port 3000
2023-12-12 11:55:17 info: Connected to MongoDB
2023-12-12 12:03:03 info: Server is Successfully Running, & listening on port 3000
2023-12-12 12:03:03 info: Connected to MongoDB
2023-12-12 12:03:42 info: Server is Successfully Running, & listening on port 3000
2023-12-12 12:03:42 info: Connected to MongoDB
2023-12-12 12:04:46 info: Server is Successfully Running, & listening on port 3000
2023-12-12 12:04:46 info: Connected to MongoDB
2023-12-12 12:05:50 info: Server is Successfully Running, & listening on port 3000
2023-12-12 12:05:50 info: Connected to MongoDB
2023-12-12 12:06:05 info: Server is Successfully Running, & listening on port 3000
2023-12-12 12:06:06 info: Connected to MongoDB
2023-12-12 12:06:11 error: ReferenceError: status is not defined
    at getStatus (C:\Users\010280\Desktop\Web Projects\ims-backend\controllers\dashboard.controller.js:25:57)
    at process.processTicksAndRejections (node:internal/process/task_queues:95:5)
2023-12-12 12:07:43 info: Server is Successfully Running, & listening on port 3000
2023-12-12 12:07:43 info: Connected to MongoDB
2023-12-12 12:14:40 info: Server is Successfully Running, & listening on port 3000
2023-12-12 12:14:40 info: Connected to MongoDB
2023-12-12 12:14:59 info: Server is Successfully Running, & listening on port 3000
2023-12-12 12:14:59 info: Connected to MongoDB
2023-12-12 12:15:04 info: Server is Successfully Running, & listening on port 3000
2023-12-12 12:15:04 info: Connected to MongoDB
2023-12-12 12:15:18 info: Server is Successfully Running, & listening on port 3000
2023-12-12 12:15:18 info: Connected to MongoDB
2023-12-12 13:15:58 info: Server is Successfully Running, & listening on port 3000
2023-12-12 13:15:58 info: Connected to MongoDB
2023-12-12 13:16:52 info: Server is Successfully Running, & listening on port 3000
2023-12-12 13:16:52 info: Connected to MongoDB
2023-12-12 13:18:10 info: Server is Successfully Running, & listening on port 3000
2023-12-12 13:18:10 info: Connected to MongoDB
2023-12-12 13:19:08 info: Server is Successfully Running, & listening on port 3000
2023-12-12 13:19:08 info: Connected to MongoDB
2023-12-12 13:21:06 info: Server is Successfully Running, & listening on port 3000
2023-12-12 13:21:06 info: Connected to MongoDB
2023-12-12 13:21:21 info: Server is Successfully Running, & listening on port 3000
2023-12-12 13:21:22 info: Connected to MongoDB
2023-12-12 13:21:27 info: Server is Successfully Running, & listening on port 3000
2023-12-12 13:21:27 info: Connected to MongoDB
2023-12-12 13:21:38 info: Server is Successfully Running, & listening on port 3000
2023-12-12 13:21:38 info: Connected to MongoDB
2023-12-12 13:23:46 info: Server is Successfully Running, & listening on port 3000
2023-12-12 13:23:46 info: Connected to MongoDB
2023-12-12 13:25:26 info: Server is Successfully Running, & listening on port 3000
2023-12-12 13:25:26 info: Connected to MongoDB
2023-12-12 13:26:58 info: Server is Successfully Running, & listening on port 3000
2023-12-12 13:26:58 info: Connected to MongoDB
2023-12-12 14:48:30 info: Server is Successfully Running, & listening on port 3000
2023-12-12 14:48:30 info: Connected to MongoDB
2023-12-12 14:51:36 info: Server is Successfully Running, & listening on port 3000
2023-12-12 14:51:36 info: Connected to MongoDB
2023-12-12 14:53:12 info: Server is Successfully Running, & listening on port 3000
2023-12-12 14:53:12 info: Connected to MongoDB
2023-12-12 15:41:46 info: Server is Successfully Running, & listening on port 3000
2023-12-12 15:41:46 info: Connected to MongoDB
2023-12-12 21:34:27 info: Server is Successfully Running, & listening on port 3000
2023-12-12 21:34:33 info: Connected to MongoDB
2023-12-12 21:38:28 error: TypeError: Cannot read properties of null (reading 'serial')
    at getSerial (C:\Users\Tharindu\Desktop\Web Projects\ims-backend\controllers\investigations.controller.js:256:30)
    at process.processTicksAndRejections (node:internal/process/task_queues:95:5)
2023-12-12 21:42:43 info: Server is Successfully Running, & listening on port 3000
