2023-12-06 10:01:21 error: MongooseServerSelectionError: connect ECONNREFUSED 127.0.0.1:2701
    at _handleConnectionErrors (C:\Users\010280\Desktop\Web Projects\ims-backend\node_modules\mongoose\lib\connection.js:809:11)
    at NativeConnection.openUri (C:\Users\010280\Desktop\Web Projects\ims-backend\node_modules\mongoose\lib\connection.js:784:11)
2023-12-06 10:27:55 error: ReferenceError: getMaxSerial is not defined
    at Object.<anonymous> (C:\Users\010280\Desktop\Web Projects\ims-backend\routes\investigations.js:16:27)
    at Module._compile (node:internal/modules/cjs/loader:1241:14)
    at Module._extensions..js (node:internal/modules/cjs/loader:1295:10)
    at Module.load (node:internal/modules/cjs/loader:1091:32)
    at Module._load (node:internal/modules/cjs/loader:938:12)
    at Module.require (node:internal/modules/cjs/loader:1115:19)
    at require (node:internal/modules/helpers:130:18)
    at Object.<anonymous> (C:\Users\010280\Desktop\Web Projects\ims-backend\startup\routes.js:12:29)
    at Module._compile (node:internal/modules/cjs/loader:1241:14)
    at Module._extensions..js (node:internal/modules/cjs/loader:1295:10)
2023-12-06 10:48:34 error: ReferenceError: getMaxSerial is not defined
    at Object.<anonymous> (C:\Users\010280\Desktop\Web Projects\ims-backend\controllers\investigations.controller.js:161:119)
    at Module._compile (node:internal/modules/cjs/loader:1241:14)
    at Module._extensions..js (node:internal/modules/cjs/loader:1295:10)
    at Module.load (node:internal/modules/cjs/loader:1091:32)
    at Module._load (node:internal/modules/cjs/loader:938:12)
    at Module.require (node:internal/modules/cjs/loader:1115:19)
    at require (node:internal/modules/helpers:130:18)
    at Object.<anonymous> (C:\Users\010280\Desktop\Web Projects\ims-backend\routes\investigations.js:10:5)
    at Module._compile (node:internal/modules/cjs/loader:1241:14)
    at Module._extensions..js (node:internal/modules/cjs/loader:1295:10)
2023-12-06 10:48:40 error: ReferenceError: getSerial is not defined
    at Object.<anonymous> (C:\Users\010280\Desktop\Web Projects\ims-backend\routes\investigations.js:17:23)
    at Module._compile (node:internal/modules/cjs/loader:1241:14)
    at Module._extensions..js (node:internal/modules/cjs/loader:1295:10)
    at Module.load (node:internal/modules/cjs/loader:1091:32)
    at Module._load (node:internal/modules/cjs/loader:938:12)
    at Module.require (node:internal/modules/cjs/loader:1115:19)
    at require (node:internal/modules/helpers:130:18)
    at Object.<anonymous> (C:\Users\010280\Desktop\Web Projects\ims-backend\startup\routes.js:12:29)
    at Module._compile (node:internal/modules/cjs/loader:1241:14)
    at Module._extensions..js (node:internal/modules/cjs/loader:1295:10)
2023-12-06 10:48:52 error: ReferenceError: getSerial is not defined
    at Object.<anonymous> (C:\Users\010280\Desktop\Web Projects\ims-backend\routes\investigations.js:17:23)
    at Module._compile (node:internal/modules/cjs/loader:1241:14)
    at Module._extensions..js (node:internal/modules/cjs/loader:1295:10)
    at Module.load (node:internal/modules/cjs/loader:1091:32)
    at Module._load (node:internal/modules/cjs/loader:938:12)
    at Module.require (node:internal/modules/cjs/loader:1115:19)
    at require (node:internal/modules/helpers:130:18)
    at Object.<anonymous> (C:\Users\010280\Desktop\Web Projects\ims-backend\startup\routes.js:12:29)
    at Module._compile (node:internal/modules/cjs/loader:1241:14)
    at Module._extensions..js (node:internal/modules/cjs/loader:1295:10)
2023-12-06 10:49:14 error: ReferenceError: getSerial is not defined
    at Object.<anonymous> (C:\Users\010280\Desktop\Web Projects\ims-backend\routes\investigations.js:17:23)
    at Module._compile (node:internal/modules/cjs/loader:1241:14)
    at Module._extensions..js (node:internal/modules/cjs/loader:1295:10)
    at Module.load (node:internal/modules/cjs/loader:1091:32)
    at Module._load (node:internal/modules/cjs/loader:938:12)
    at Module.require (node:internal/modules/cjs/loader:1115:19)
    at require (node:internal/modules/helpers:130:18)
    at Object.<anonymous> (C:\Users\010280\Desktop\Web Projects\ims-backend\startup\routes.js:12:29)
    at Module._compile (node:internal/modules/cjs/loader:1241:14)
    at Module._extensions..js (node:internal/modules/cjs/loader:1295:10)
2023-12-07 13:56:14 error: C:\Users\010280\Desktop\Web Projects\ims-backend\controllers\investigations.controller.js:247
    const investigation = await Investigation.findById(id)
          ^

SyntaxError: Identifier 'investigation' has already been declared
    at internalCompileFunction (node:internal/vm:73:18)
    at wrapSafe (node:internal/modules/cjs/loader:1153:20)
    at Module._compile (node:internal/modules/cjs/loader:1205:27)
    at Module._extensions..js (node:internal/modules/cjs/loader:1295:10)
    at Module.load (node:internal/modules/cjs/loader:1091:32)
    at Module._load (node:internal/modules/cjs/loader:938:12)
    at Module.require (node:internal/modules/cjs/loader:1115:19)
    at require (node:internal/modules/helpers:130:18)
    at Object.<anonymous> (C:\Users\010280\Desktop\Web Projects\ims-backend\routes\investigations.js:10:5)
    at Module._compile (node:internal/modules/cjs/loader:1241:14)
2023-12-07 14:00:10 error: C:\Users\010280\Desktop\Web Projects\ims-backend\controllers\investigations.controller.js:254
    const investigation = await Investigation.findById(id)
          ^

SyntaxError: Identifier 'investigation' has already been declared
    at internalCompileFunction (node:internal/vm:73:18)
    at wrapSafe (node:internal/modules/cjs/loader:1153:20)
    at Module._compile (node:internal/modules/cjs/loader:1205:27)
    at Module._extensions..js (node:internal/modules/cjs/loader:1295:10)
    at Module.load (node:internal/modules/cjs/loader:1091:32)
    at Module._load (node:internal/modules/cjs/loader:938:12)
    at Module.require (node:internal/modules/cjs/loader:1115:19)
    at require (node:internal/modules/helpers:130:18)
    at Object.<anonymous> (C:\Users\010280\Desktop\Web Projects\ims-backend\routes\investigations.js:10:5)
    at Module._compile (node:internal/modules/cjs/loader:1241:14)
2023-12-07 14:00:39 error: C:\Users\010280\Desktop\Web Projects\ims-backend\controllers\investigations.controller.js:254
    const investigation = await Investigation.findById(id)
          ^

SyntaxError: Identifier 'investigation' has already been declared
    at internalCompileFunction (node:internal/vm:73:18)
    at wrapSafe (node:internal/modules/cjs/loader:1153:20)
    at Module._compile (node:internal/modules/cjs/loader:1205:27)
    at Module._extensions..js (node:internal/modules/cjs/loader:1295:10)
    at Module.load (node:internal/modules/cjs/loader:1091:32)
    at Module._load (node:internal/modules/cjs/loader:938:12)
    at Module.require (node:internal/modules/cjs/loader:1115:19)
    at require (node:internal/modules/helpers:130:18)
    at Object.<anonymous> (C:\Users\010280\Desktop\Web Projects\ims-backend\routes\investigations.js:10:5)
    at Module._compile (node:internal/modules/cjs/loader:1241:14)
2023-12-07 14:01:51 error: C:\Users\010280\Desktop\Web Projects\ims-backend\controllers\investigations.controller.js:253
    const investigation = await Investigation.findById(id)
          ^

SyntaxError: Identifier 'investigation' has already been declared
    at internalCompileFunction (node:internal/vm:73:18)
    at wrapSafe (node:internal/modules/cjs/loader:1153:20)
    at Module._compile (node:internal/modules/cjs/loader:1205:27)
    at Module._extensions..js (node:internal/modules/cjs/loader:1295:10)
    at Module.load (node:internal/modules/cjs/loader:1091:32)
    at Module._load (node:internal/modules/cjs/loader:938:12)
    at Module.require (node:internal/modules/cjs/loader:1115:19)
    at require (node:internal/modules/helpers:130:18)
    at Object.<anonymous> (C:\Users\010280\Desktop\Web Projects\ims-backend\routes\investigations.js:10:5)
    at Module._compile (node:internal/modules/cjs/loader:1241:14)
2023-12-07 14:03:03 error: C:\Users\010280\Desktop\Web Projects\ims-backend\controllers\investigations.controller.js:254
    const investigation = await Investigation.findById(id)
          ^

SyntaxError: Identifier 'investigation' has already been declared
    at internalCompileFunction (node:internal/vm:73:18)
    at wrapSafe (node:internal/modules/cjs/loader:1153:20)
    at Module._compile (node:internal/modules/cjs/loader:1205:27)
    at Module._extensions..js (node:internal/modules/cjs/loader:1295:10)
    at Module.load (node:internal/modules/cjs/loader:1091:32)
    at Module._load (node:internal/modules/cjs/loader:938:12)
    at Module.require (node:internal/modules/cjs/loader:1115:19)
    at require (node:internal/modules/helpers:130:18)
    at Object.<anonymous> (C:\Users\010280\Desktop\Web Projects\ims-backend\routes\investigations.js:10:5)
    at Module._compile (node:internal/modules/cjs/loader:1241:14)
2023-12-08 14:50:00 error: C:\Users\010280\Desktop\Web Projects\ims-backend\controllers\investigations.controller.js:174
    const oldValue = {...investigation.toObject()}
    ^^^^^

SyntaxError: Unexpected token 'const'
    at internalCompileFunction (node:internal/vm:73:18)
    at wrapSafe (node:internal/modules/cjs/loader:1153:20)
    at Module._compile (node:internal/modules/cjs/loader:1205:27)
    at Module._extensions..js (node:internal/modules/cjs/loader:1295:10)
    at Module.load (node:internal/modules/cjs/loader:1091:32)
    at Module._load (node:internal/modules/cjs/loader:938:12)
    at Module.require (node:internal/modules/cjs/loader:1115:19)
    at require (node:internal/modules/helpers:130:18)
    at Object.<anonymous> (C:\Users\010280\Desktop\Web Projects\ims-backend\routes\investigations.js:10:5)
    at Module._compile (node:internal/modules/cjs/loader:1241:14)
2023-12-12 11:05:48 error: MongooseServerSelectionError: connect ETIMEDOUT 13.234.26.227:27017
    at _handleConnectionErrors (C:\Users\010280\Desktop\Web Projects\ims-backend\node_modules\mongoose\lib\connection.js:809:11)
    at NativeConnection.openUri (C:\Users\010280\Desktop\Web Projects\ims-backend\node_modules\mongoose\lib\connection.js:784:11)
    at process.processTicksAndRejections (node:internal/process/task_queues:95:5)
2023-12-12 11:08:43 error: MongooseServerSelectionError: connect ETIMEDOUT 13.234.26.227:27017
    at _handleConnectionErrors (C:\Users\010280\Desktop\Web Projects\ims-backend\node_modules\mongoose\lib\connection.js:809:11)
    at NativeConnection.openUri (C:\Users\010280\Desktop\Web Projects\ims-backend\node_modules\mongoose\lib\connection.js:784:11)
    at process.processTicksAndRejections (node:internal/process/task_queues:95:5)
2023-12-12 11:09:49 error: MongooseServerSelectionError: connect ETIMEDOUT 13.234.26.227:27017
    at _handleConnectionErrors (C:\Users\010280\Desktop\Web Projects\ims-backend\node_modules\mongoose\lib\connection.js:809:11)
    at NativeConnection.openUri (C:\Users\010280\Desktop\Web Projects\ims-backend\node_modules\mongoose\lib\connection.js:784:11)
    at process.processTicksAndRejections (node:internal/process/task_queues:95:5)
2023-12-12 11:28:29 error: MongoServerError: bad auth : Authentication failed.
    at Connection.onMessage (C:\Users\010280\Desktop\Web Projects\ims-backend\node_modules\mongodb\lib\cmap\connection.js:202:26)
    at MessageStream.<anonymous> (C:\Users\010280\Desktop\Web Projects\ims-backend\node_modules\mongodb\lib\cmap\connection.js:61:60)
    at MessageStream.emit (node:events:514:28)
    at processIncomingData (C:\Users\010280\Desktop\Web Projects\ims-backend\node_modules\mongodb\lib\cmap\message_stream.js:124:16)
    at MessageStream._write (C:\Users\010280\Desktop\Web Projects\ims-backend\node_modules\mongodb\lib\cmap\message_stream.js:33:9)
    at writeOrBuffer (node:internal/streams/writable:447:12)
    at _write (node:internal/streams/writable:389:10)
    at Writable.write (node:internal/streams/writable:393:10)
    at TLSSocket.ondata (node:internal/streams/readable:817:22)
    at TLSSocket.emit (node:events:514:28)
2023-12-12 11:28:49 error: MongoServerError: bad auth : Authentication failed.
    at Connection.onMessage (C:\Users\010280\Desktop\Web Projects\ims-backend\node_modules\mongodb\lib\cmap\connection.js:202:26)
    at MessageStream.<anonymous> (C:\Users\010280\Desktop\Web Projects\ims-backend\node_modules\mongodb\lib\cmap\connection.js:61:60)
    at MessageStream.emit (node:events:514:28)
    at processIncomingData (C:\Users\010280\Desktop\Web Projects\ims-backend\node_modules\mongodb\lib\cmap\message_stream.js:124:16)
    at MessageStream._write (C:\Users\010280\Desktop\Web Projects\ims-backend\node_modules\mongodb\lib\cmap\message_stream.js:33:9)
    at writeOrBuffer (node:internal/streams/writable:447:12)
    at _write (node:internal/streams/writable:389:10)
    at Writable.write (node:internal/streams/writable:393:10)
    at TLSSocket.ondata (node:internal/streams/readable:817:22)
    at TLSSocket.emit (node:events:514:28)
2023-12-12 11:52:47 error: Error: Route.get() requires a callback function but got a [object Promise]
    at Route.<computed> [as get] (C:\Users\010280\Desktop\Web Projects\ims-backend\node_modules\express\lib\router\route.js:211:15)
    at proto.<computed> [as get] (C:\Users\010280\Desktop\Web Projects\ims-backend\node_modules\express\lib\router\index.js:521:19)
    at Object.<anonymous> (C:\Users\010280\Desktop\Web Projects\ims-backend\routes\dashboard.js:5:8)
    at Module._compile (node:internal/modules/cjs/loader:1241:14)
    at Module._extensions..js (node:internal/modules/cjs/loader:1295:10)
    at Module.load (node:internal/modules/cjs/loader:1091:32)
    at Module._load (node:internal/modules/cjs/loader:938:12)
    at Module.require (node:internal/modules/cjs/loader:1115:19)
    at require (node:internal/modules/helpers:130:18)
    at Object.<anonymous> (C:\Users\010280\Desktop\Web Projects\ims-backend\startup\routes.js:13:25)
2023-12-12 11:53:34 error: Error: Route.get() requires a callback function but got a [object Promise]
    at Route.<computed> [as get] (C:\Users\010280\Desktop\Web Projects\ims-backend\node_modules\express\lib\router\route.js:211:15)
    at proto.<computed> [as get] (C:\Users\010280\Desktop\Web Projects\ims-backend\node_modules\express\lib\router\index.js:521:19)
    at Object.<anonymous> (C:\Users\010280\Desktop\Web Projects\ims-backend\routes\dashboard.js:5:8)
    at Module._compile (node:internal/modules/cjs/loader:1241:14)
    at Module._extensions..js (node:internal/modules/cjs/loader:1295:10)
    at Module.load (node:internal/modules/cjs/loader:1091:32)
    at Module._load (node:internal/modules/cjs/loader:938:12)
    at Module.require (node:internal/modules/cjs/loader:1115:19)
    at require (node:internal/modules/helpers:130:18)
    at Object.<anonymous> (C:\Users\010280\Desktop\Web Projects\ims-backend\startup\routes.js:13:25)
2023-12-12 12:03:50 error: C:\Users\010280\Desktop\Web Projects\ims-backend\controllers\dashboard.controller.js:17
    const inProgressCount = results.find(item => item._id === 'Feedback pending')?.count || 0;
          ^

SyntaxError: Identifier 'inProgressCount' has already been declared
    at internalCompileFunction (node:internal/vm:73:18)
    at wrapSafe (node:internal/modules/cjs/loader:1153:20)
    at Module._compile (node:internal/modules/cjs/loader:1205:27)
    at Module._extensions..js (node:internal/modules/cjs/loader:1295:10)
    at Module.load (node:internal/modules/cjs/loader:1091:32)
    at Module._load (node:internal/modules/cjs/loader:938:12)
    at Module.require (node:internal/modules/cjs/loader:1115:19)
    at require (node:internal/modules/helpers:130:18)
    at Object.<anonymous> (C:\Users\010280\Desktop\Web Projects\ims-backend\routes\dashboard.js:3:21)
    at Module._compile (node:internal/modules/cjs/loader:1241:14)
2023-12-12 13:24:09 error: Error: Route.get() requires a callback function but got a [object Promise]
    at Route.<computed> [as get] (C:\Users\010280\Desktop\Web Projects\ims-backend\node_modules\express\lib\router\route.js:211:15)
    at proto.<computed> [as get] (C:\Users\010280\Desktop\Web Projects\ims-backend\node_modules\express\lib\router\index.js:521:19)
    at Object.<anonymous> (C:\Users\010280\Desktop\Web Projects\ims-backend\routes\logs.js:5:8)
    at Module._compile (node:internal/modules/cjs/loader:1241:14)
    at Module._extensions..js (node:internal/modules/cjs/loader:1295:10)
    at Module.load (node:internal/modules/cjs/loader:1091:32)
    at Module._load (node:internal/modules/cjs/loader:938:12)
    at Module.require (node:internal/modules/cjs/loader:1115:19)
    at require (node:internal/modules/helpers:130:18)
    at Object.<anonymous> (C:\Users\010280\Desktop\Web Projects\ims-backend\startup\routes.js:14:20)
2023-12-12 13:24:53 error: Error: Route.get() requires a callback function but got a [object Promise]
    at Route.<computed> [as get] (C:\Users\010280\Desktop\Web Projects\ims-backend\node_modules\express\lib\router\route.js:211:15)
    at proto.<computed> [as get] (C:\Users\010280\Desktop\Web Projects\ims-backend\node_modules\express\lib\router\index.js:521:19)
    at Object.<anonymous> (C:\Users\010280\Desktop\Web Projects\ims-backend\routes\logs.js:5:8)
    at Module._compile (node:internal/modules/cjs/loader:1241:14)
    at Module._extensions..js (node:internal/modules/cjs/loader:1295:10)
    at Module.load (node:internal/modules/cjs/loader:1091:32)
    at Module._load (node:internal/modules/cjs/loader:938:12)
    at Module.require (node:internal/modules/cjs/loader:1115:19)
    at require (node:internal/modules/helpers:130:18)
    at Object.<anonymous> (C:\Users\010280\Desktop\Web Projects\ims-backend\startup\routes.js:14:20)
